<?xml version="1.0" encoding="UTF-8"?>
<testsuite name="com.promotion.engine.controller.PromotionControllerTest" tests="3" skipped="0" failures="0" errors="0" timestamp="2025-07-17T07:35:26.664Z" hostname="Sruthis-MacBook-Pro.local" time="0.945">
  <properties/>
  <testcase name="testSearchPromotion_WithValidCategoryId()" classname="com.promotion.engine.controller.PromotionControllerTest" time="0.937"/>
  <testcase name="testSearchPromotion_WithValidProductId()" classname="com.promotion.engine.controller.PromotionControllerTest" time="0.003"/>
  <testcase name="testSearchPromotion_WithNoResults()" classname="com.promotion.engine.controller.PromotionControllerTest" time="0.003"/>
  <system-out><![CDATA[13:05:27.555 [Test worker] INFO com.promotion.engine.controller.PromotionController -- Received request to search promotions with request: com.promotion.engine.dto.request.PromotionSearchRequest@35e75f7a
13:05:27.605 [Test worker] INFO com.promotion.engine.controller.PromotionController -- Received request to search promotions with request: com.promotion.engine.dto.request.PromotionSearchRequest@28519bfb
13:05:27.609 [Test worker] INFO com.promotion.engine.controller.PromotionController -- Received request to search promotions with request: com.promotion.engine.dto.request.PromotionSearchRequest@4d065e1a
]]></system-out>
  <system-err><![CDATA[]]></system-err>
</testsuite>
