<?xml version="1.0" encoding="UTF-8"?>
<testsuite name="com.promotion.engine.PromotionEngineApplicationTest" tests="2" skipped="0" failures="0" errors="0" timestamp="2025-07-17T12:09:39.416Z" hostname="Sruthis-MacBook-Pro.local" time="0.472">
  <properties/>
  <testcase name="testApplicationContextLoads()" classname="com.promotion.engine.PromotionEngineApplicationTest" time="0.468"/>
  <testcase name="testMainMethodExists()" classname="com.promotion.engine.PromotionEngineApplicationTest" time="0.004"/>
  <system-out><![CDATA[17:39:37.090 [Test worker] INFO org.springframework.test.context.support.AnnotationConfigContextLoaderUtils -- Could not detect default configuration classes for test class [com.promotion.engine.PromotionEngineApplicationTest]: PromotionEngineApplicationTest does not declare any static, non-private, non-final, nested classes annotated with @Configuration.
17:39:37.213 [Test worker] INFO org.springframework.boot.test.context.SpringBootTestContextBootstrapper -- Found @SpringBootConfiguration com.promotion.engine.PromotionEngineApplication for test class com.promotion.engine.PromotionEngineApplicationTest

  .   ____          _            __ _ _
 /\\ / ___'_ __ _ _(_)_ __  __ _ \ \ \ \
( ( )\___ | '_ | '_| | '_ \/ _` | \ \ \ \
 \\/  ___)| |_)| | | | | || (_| |  ) ) ) )
  '  |____| .__|_| |_|_| |_\__, | / / / /
 =========|_|==============|___/=/_/_/_/

 :: Spring Boot ::                (v3.4.4)

2025-07-17T17:39:37.619+05:30  INFO 51454 --- [    Test worker] c.p.e.PromotionEngineApplicationTest     : Starting PromotionEngineApplicationTest using Java 17.0.11 with PID 51454 (started by sruthiar in /Users/sruthiar/Documents/aifsd/standard-promotion/new-repo/Promotion-Engine/experiment-v1/generated_code)
2025-07-17T17:39:37.620+05:30 DEBUG 51454 --- [    Test worker] c.p.e.PromotionEngineApplicationTest     : Running with Spring Boot v3.4.4, Spring v6.2.5
2025-07-17T17:39:37.620+05:30  INFO 51454 --- [    Test worker] c.p.e.PromotionEngineApplicationTest     : No active profile set, falling back to 1 default profile: "default"
2025-07-17T17:39:37.986+05:30  INFO 51454 --- [    Test worker] .s.d.r.c.RepositoryConfigurationDelegate : Bootstrapping Spring Data R2DBC repositories in DEFAULT mode.
2025-07-17T17:39:38.091+05:30  INFO 51454 --- [    Test worker] .s.d.r.c.RepositoryConfigurationDelegate : Finished Spring Data repository scanning in 96 ms. Found 2 R2DBC repository interfaces.
2025-07-17T17:39:39.282+05:30  INFO 51454 --- [    Test worker] org.flywaydb.core.FlywayExecutor         : Database: jdbc:postgresql://localhost:5432/promotion_engine_v1 (PostgreSQL 15.13)
2025-07-17T17:39:39.331+05:30  INFO 51454 --- [    Test worker] o.f.core.internal.command.DbMigrate      : Current version of schema "public": 1
2025-07-17T17:39:39.333+05:30  INFO 51454 --- [    Test worker] o.f.core.internal.command.DbMigrate      : Schema "public" is up to date. No migration necessary.
2025-07-17T17:39:39.412+05:30  INFO 51454 --- [    Test worker] c.p.e.PromotionEngineApplicationTest     : Started PromotionEngineApplicationTest in 2.054 seconds (process running for 8.161)
]]></system-out>
  <system-err><![CDATA[]]></system-err>
</testsuite>
