<?xml version="1.0" encoding="UTF-8"?>
<testsuite name="com.promotion.engine.controller.PromotionControllerTest" tests="3" skipped="0" failures="0" errors="0" timestamp="2025-07-17T12:09:39.891Z" hostname="Sruthis-MacBook-Pro.local" time="0.261">
  <properties/>
  <testcase name="testSearchPromotion_WithValidCategoryId()" classname="com.promotion.engine.controller.PromotionControllerTest" time="0.251"/>
  <testcase name="testSearchPromotion_WithValidProductId()" classname="com.promotion.engine.controller.PromotionControllerTest" time="0.003"/>
  <testcase name="testSearchPromotion_WithNoResults()" classname="com.promotion.engine.controller.PromotionControllerTest" time="0.003"/>
  <system-out><![CDATA[2025-07-17T17:39:40.090+05:30  INFO 51454 --- [    Test worker] c.p.e.controller.PromotionController     : Received request to search promotions with request: com.promotion.engine.dto.request.PromotionSearchRequest@3122a8af
2025-07-17T17:39:40.149+05:30  INFO 51454 --- [    Test worker] c.p.e.controller.PromotionController     : Received request to search promotions with request: com.promotion.engine.dto.request.PromotionSearchRequest@33f909f
2025-07-17T17:39:40.151+05:30  INFO 51454 --- [    Test worker] c.p.e.controller.PromotionController     : Received request to search promotions with request: com.promotion.engine.dto.request.PromotionSearchRequest@2faaec43
]]></system-out>
  <system-err><![CDATA[]]></system-err>
</testsuite>
